<?xml version="1.0" encoding="UTF-8"?>
<testng-results total="1" passed="1" failed="0" skipped="0">
  <reporter-output>
  </reporter-output>
  <suite started-at="2020-12-08T13:49:58Z" name="Default suite" finished-at="2020-12-08T13:50:21Z" duration-ms="23338">
    <groups>
    </groups>
    <test started-at="2020-12-08T13:49:58Z" name="Default test" finished-at="2020-12-08T13:50:21Z" duration-ms="23338">
      <class name="ChubbSmokeTest">
        <test-method is-config="true" signature="startBrowser()[pri:0, instance:ChubbSmokeTest@2b175c00]" started-at="2020-12-08T19:19:58Z" name="startBrowser" finished-at="2020-12-08T19:20:04Z" duration-ms="5857" status="PASS">
          <reporter-output>
          </reporter-output>
        </test-method> <!-- startBrowser -->
        <test-method signature="BCWSPolicyDetailsOne()[pri:0, instance:ChubbSmokeTest@2b175c00]" started-at="2020-12-08T19:20:04Z" name="BCWSPolicyDetailsOne" finished-at="2020-12-08T19:20:20Z" duration-ms="16045" status="PASS">
          <reporter-output>
          </reporter-output>
        </test-method> <!-- BCWSPolicyDetailsOne -->
        <test-method is-config="true" signature="closeBrowser()[pri:0, instance:ChubbSmokeTest@2b175c00]" started-at="2020-12-08T19:20:20Z" name="closeBrowser" finished-at="2020-12-08T19:20:21Z" duration-ms="1409" status="PASS">
          <reporter-output>
          </reporter-output>
        </test-method> <!-- closeBrowser -->
      </class> <!-- ChubbSmokeTest -->
    </test> <!-- Default test -->
  </suite> <!-- Default suite -->
</testng-results>
