<?xml version="1.0" encoding="UTF-8"?>
<testng-results total="1" passed="1" failed="0" skipped="0">
  <reporter-output>
    <line>
      <![CDATA[<br><img src = 'C:\Users\Dhanush Narayanan R\git repository\AutomationSetup\AutomationSetup\AutomationSetup\BCWS\Test Results Prod\2020-12-07_9_46_38\BCWS_UpdatedPolicyDetailsOne.png' height = '800' width = '800'/><br>]]>
    </line>
  </reporter-output>
  <suite started-at="2020-12-07T04:16:35Z" name="Default suite" finished-at="2020-12-07T04:16:46Z" duration-ms="11374">
    <groups>
    </groups>
    <test started-at="2020-12-07T04:16:35Z" name="Default test" finished-at="2020-12-07T04:16:46Z" duration-ms="11374">
      <class name="ChubbSmokeTest">
        <test-method is-config="true" signature="startBrowser()[pri:0, instance:ChubbSmokeTest@5cdec700]" started-at="2020-12-07T09:46:35Z" name="startBrowser" finished-at="2020-12-07T09:46:38Z" duration-ms="3627" status="PASS">
          <reporter-output>
          </reporter-output>
        </test-method> <!-- startBrowser -->
        <test-method signature="BCWSPolicyDetailsOne()[pri:0, instance:ChubbSmokeTest@5cdec700]" started-at="2020-12-07T09:46:38Z" name="BCWSPolicyDetailsOne" finished-at="2020-12-07T09:46:45Z" duration-ms="6613" status="PASS">
          <reporter-output>
            <line>
              <![CDATA[<br><img src = 'C:\Users\Dhanush Narayanan R\git repository\AutomationSetup\AutomationSetup\AutomationSetup\BCWS\Test Results Prod\2020-12-07_9_46_38\BCWS_UpdatedPolicyDetailsOne.png' height = '800' width = '800'/><br>]]>
            </line>
          </reporter-output>
        </test-method> <!-- BCWSPolicyDetailsOne -->
        <test-method is-config="true" signature="closeBrowser()[pri:0, instance:ChubbSmokeTest@5cdec700]" started-at="2020-12-07T09:46:45Z" name="closeBrowser" finished-at="2020-12-07T09:46:46Z" duration-ms="1121" status="PASS">
          <reporter-output>
          </reporter-output>
        </test-method> <!-- closeBrowser -->
      </class> <!-- ChubbSmokeTest -->
    </test> <!-- Default test -->
  </suite> <!-- Default suite -->
</testng-results>
